<?xml version="1.0" encoding="UTF-8"?>
<!-- Generated by org.testng.reporters.JUnitReportReporter -->
<testsuite skipped="0" hostname="Gouthams-MacBook-Pro.local" name="com.egen.orderservicee.OrderGetRequest" tests="1" failures="0" timestamp="2021-01-30T13:06:33 EST" time="1.229" errors="0">
  <testcase name="getOrderDetails" time="1.229" classname="com.egen.orderservicee.OrderGetRequest"/>
  <system-out/>
</testsuite> <!-- com.egen.orderservicee.OrderGetRequest -->
